<testsuites>
	<testsuite id="1" tests="1" failures="1" package="/Users/testinium/Desktop/testProjects/allianzmobileproject/specs/AND/MyAllianzLoginsiz.spec" time="0.011" timestamp="2022-12-28T14:14:57" name="Specification Heading" errors="0" hostname="ip-10-1-33-193.eu-central-1.compute.internal">
		<properties></properties>
		<testcase classname="Specification Heading" name="Hasarım Var Loginsiz" time="0.011">
			<failure message="&#34;TANITIM EKRANI KAPAT BUTONU&#34; objesi varsa tıkla&#xA;Step Execution Failure: &#39;java.lang.AssertionError: &#39;TANITIM EKRANI KAPAT BUTONU&#39; keyine ait locator bulunamadı!&#39;" type="&#34;TANITIM EKRANI KAPAT BUTONU&#34; objesi varsa tıkla&#xA;Step Execution Failure: &#39;java.lang.AssertionError: &#39;TANITIM EKRANI KAPAT BUTONU&#39; keyine ait locator bulunamadı!&#39;">org.junit.Assert.fail(Assert.java:88)&#xA;allianz.core.identity_manager.IdentityManager.getLocator(IdentityManager.java:30)&#xA;allianz.core.operation.WaitOperation.isPresence(WaitOperation.java:104)&#xA;allianz.core.operation.WaitOperation.isExist(WaitOperation.java:140)&#xA;allianz.core.operation.ClickOperation.clickIfExists(ClickOperation.java:40)&#xA;allianz.core.implementation.StepImplementation.clickIfExist(StepImplementation.java:52)&#xA;java.base/jdk.internal.reflect.NativeMethodAccessorImpl.invoke0(Native Method)&#xA;java.base/jdk.internal.reflect.NativeMethodAccessorImpl.invoke(NativeMethodAccessorImpl.java:62)&#xA;java.base/jdk.internal.reflect.DelegatingMethodAccessorImpl.invoke(DelegatingMethodAccessorImpl.java:43)&#xA;java.base/java.lang.reflect.Method.invoke(Method.java:566)&#xA;com.thoughtworks.gauge.execution.MethodExecutor.execute(MethodExecutor.java:28)&#xA;com.thoughtworks.gauge.execution.StepExecutionStage.executeStepMethod(StepExecutionStage.java:66)&#xA;com.thoughtworks.gauge.execution.StepExecutionStage.executeStep(StepExecutionStage.java:59)&#xA;com.thoughtworks.gauge.execution.StepExecutionStage.execute(StepExecutionStage.java:41)&#xA;com.thoughtworks.gauge.execution.AbstractExecutionStage.executeNext(AbstractExecutionStage.java:14)&#xA;com.thoughtworks.gauge.execution.HookExecutionStage.execute(HookExecutionStage.java:33)&#xA;com.thoughtworks.gauge.execution.ExecutionPipeline.start(ExecutionPipeline.java:19)&#xA;com.thoughtworks.gauge.processor.ExecuteStepProcessor.process(ExecuteStepProcessor.java:44)&#xA;com.thoughtworks.gauge.RunnerServiceHandler.lambda$executeStep$7(RunnerServiceHandler.java:166)&#xA;java.base/java.util.concurrent.ThreadPoolExecutor.runWorker(ThreadPoolExecutor.java:1128)&#xA;java.base/java.util.concurrent.ThreadPoolExecutor$Worker.run(ThreadPoolExecutor.java:628)&#xA;java.base/java.lang.Thread.run(Thread.java:834)&#xA;</failure>
		</testcase>
		<system-out></system-out>
		<system-err></system-err>
	</testsuite>
</testsuites>